<?xml version="1.0" encoding="UTF-8" ?>
<testsuite tests="20" failures="0" name="javabomberman.javabomberman.PelaajaTest" time="0.006" errors="0" skipped="0">
  <properties>
    <property name="java.runtime.name" value="Java(TM) SE Runtime Environment"/>
    <property name="sun.boot.library.path" value="/usr/lib/jvm/java-8-oracle/jre/lib/amd64"/>
    <property name="java.vm.version" value="25.31-b07"/>
    <property name="user.country.format" value="FI"/>
    <property name="java.vm.vendor" value="Oracle Corporation"/>
    <property name="java.vendor.url" value="http://java.oracle.com/"/>
    <property name="path.separator" value=":"/>
    <property name="guice.disable.misplaced.annotation.check" value="true"/>
    <property name="java.vm.name" value="Java HotSpot(TM) 64-Bit Server VM"/>
    <property name="file.encoding.pkg" value="sun.io"/>
    <property name="user.country" value="GB"/>
    <property name="sun.java.launcher" value="SUN_STANDARD"/>
    <property name="sun.os.patch.level" value="unknown"/>
    <property name="java.vm.specification.name" value="Java Virtual Machine Specification"/>
    <property name="user.dir" value="/home/tktl-csfs/fs2/home/jaollika/terrorist2/TerroristMaze/javabomberman"/>
    <property name="java.runtime.version" value="1.8.0_31-b13"/>
    <property name="java.awt.graphicsenv" value="sun.awt.X11GraphicsEnvironment"/>
    <property name="java.endorsed.dirs" value="/usr/lib/jvm/java-8-oracle/jre/lib/endorsed"/>
    <property name="os.arch" value="amd64"/>
    <property name="java.io.tmpdir" value="/tmp"/>
    <property name="line.separator" value="
"/>
    <property name="java.vm.specification.vendor" value="Oracle Corporation"/>
    <property name="os.name" value="Linux"/>
    <property name="maven.ext.class.path" value="/usr/share/tmcbeans/java/maven-nblib/netbeans-eventspy.jar"/>
    <property name="classworlds.conf" value="/usr/share/tmcbeans/java/maven/bin/m2.conf"/>
    <property name="sun.jnu.encoding" value="UTF-8"/>
    <property name="java.library.path" value="/usr/lib/jvm/java-8-oracle/bin/../jre/lib/amd64:/usr/lib/jvm/java-8-oracle/bin/../jre/lib/i386::/usr/java/packages/lib/amd64:/usr/lib64:/lib64:/lib:/usr/lib"/>
    <property name="java.specification.name" value="Java Platform API Specification"/>
    <property name="java.class.version" value="52.0"/>
    <property name="sun.management.compiler" value="HotSpot 64-Bit Tiered Compilers"/>
    <property name="os.version" value="3.13.0-44-generic"/>
    <property name="user.home" value="/home/jaollika"/>
    <property name="user.timezone" value="Europe/Helsinki"/>
    <property name="java.awt.printerjob" value="sun.print.PSPrinterJob"/>
    <property name="java.specification.version" value="1.8"/>
    <property name="file.encoding" value="UTF-8"/>
    <property name="user.name" value="jaollika"/>
    <property name="java.class.path" value="/usr/share/tmcbeans/java/maven/boot/plexus-classworlds-2.4.jar"/>
    <property name="java.vm.specification.version" value="1.8"/>
    <property name="sun.arch.data.model" value="64"/>
    <property name="java.home" value="/usr/lib/jvm/java-8-oracle/jre"/>
    <property name="sun.java.command" value="org.codehaus.plexus.classworlds.launcher.Launcher -Dmaven.ext.class.path=/usr/share/tmcbeans/java/maven-nblib/netbeans-eventspy.jar clean install"/>
    <property name="java.specification.vendor" value="Oracle Corporation"/>
    <property name="user.language" value="en"/>
    <property name="user.language.format" value="fi"/>
    <property name="awt.toolkit" value="sun.awt.X11.XToolkit"/>
    <property name="java.vm.info" value="mixed mode"/>
    <property name="java.version" value="1.8.0_31"/>
    <property name="java.ext.dirs" value="/usr/lib/jvm/java-8-oracle/jre/lib/ext:/usr/java/packages/lib/ext"/>
    <property name="securerandom.source" value="file:/dev/./urandom"/>
    <property name="sun.boot.class.path" value="/usr/lib/jvm/java-8-oracle/jre/lib/resources.jar:/usr/lib/jvm/java-8-oracle/jre/lib/rt.jar:/usr/lib/jvm/java-8-oracle/jre/lib/sunrsasign.jar:/usr/lib/jvm/java-8-oracle/jre/lib/jsse.jar:/usr/lib/jvm/java-8-oracle/jre/lib/jce.jar:/usr/lib/jvm/java-8-oracle/jre/lib/charsets.jar:/usr/lib/jvm/java-8-oracle/jre/lib/jfr.jar:/usr/lib/jvm/java-8-oracle/jre/classes"/>
    <property name="java.vendor" value="Oracle Corporation"/>
    <property name="maven.home" value="/usr/share/tmcbeans/java/maven"/>
    <property name="file.separator" value="/"/>
    <property name="java.vendor.url.bug" value="http://bugreport.sun.com/bugreport/"/>
    <property name="sun.cpu.endian" value="little"/>
    <property name="sun.io.unicode.encoding" value="UnicodeLittle"/>
    <property name="sun.desktop" value="gnome"/>
    <property name="sun.cpu.isalist" value=""/>
  </properties>
  <testcase classname="javabomberman.javabomberman.PelaajaTest" name="pelaajanSijaintiOikein" time="0"/>
  <testcase classname="javabomberman.javabomberman.PelaajaTest" name="getNopeusYOikein" time="0"/>
  <testcase classname="javabomberman.javabomberman.PelaajaTest" name="getJattaakoPomminBooleanOikein" time="0"/>
  <testcase classname="javabomberman.javabomberman.PelaajaTest" name="getNopeusOikein" time="0"/>
  <testcase classname="javabomberman.javabomberman.PelaajaTest" name="getsetPommejaOikein" time="0"/>
  <testcase classname="javabomberman.javabomberman.PelaajaTest" name="setEiJataPommiaOikein" time="0"/>
  <testcase classname="javabomberman.javabomberman.PelaajaTest" name="getNopeusXOikein" time="0"/>
  <testcase classname="javabomberman.javabomberman.PelaajaTest" name="pelaajaSiirtyyOikein" time="0"/>
  <testcase classname="javabomberman.javabomberman.PelaajaTest" name="eteneOikein" time="0"/>
  <testcase classname="javabomberman.javabomberman.PelaajaTest" name="havisiPerkele" time="0"/>
  <testcase classname="javabomberman.javabomberman.PelaajaTest" name="lisaaKaytettavaPommiOikein" time="0"/>
  <testcase classname="javabomberman.javabomberman.PelaajaTest" name="jataPommiOikein" time="0"/>
  <testcase classname="javabomberman.javabomberman.PelaajaTest" name="getXOikein" time="0"/>
  <testcase classname="javabomberman.javabomberman.PelaajaTest" name="getYOikein" time="0"/>
  <testcase classname="javabomberman.javabomberman.PelaajaTest" name="getVoimaOikein" time="0"/>
  <testcase classname="javabomberman.javabomberman.PelaajaTest" name="setVoimaOikein" time="0"/>
  <testcase classname="javabomberman.javabomberman.PelaajaTest" name="lisaaVoimaaOikein" time="0"/>
  <testcase classname="javabomberman.javabomberman.PelaajaTest" name="getPommejaKaytossaOikein" time="0"/>
  <testcase classname="javabomberman.javabomberman.PelaajaTest" name="setNopeusXOikein" time="0"/>
  <testcase classname="javabomberman.javabomberman.PelaajaTest" name="setNopeusYOikein" time="0"/>
</testsuite>